2020-Jun-07 13:38:08,021 [main] com.ajio.keyword.Keyword 
  INFO  https://www.ajio.com is launched!!
2020-Jun-07 13:38:09,756 [main] com.ajio.keyword.Keyword 
  INFO  Deleted All Cookies!!
2020-Jun-07 13:38:09,760 [main] com.ajio.keyword.Keyword 
  INFO  20SECONDS Page load timeout  is applied!!
2020-Jun-07 13:38:09,768 [main] com.ajio.keyword.Keyword 
  INFO  20SECONDS Implicit Wait is applied!!
2020-Jun-07 13:38:21,372 [main] com.ajio.keyword.Keyword 
  INFO  chrome is opened!! 
2020-Jun-07 13:38:25,560 [main] com.ajio.keyword.Keyword 
  INFO  Maximized Browser Window!!
2020-Jun-07 13:38:33,231 [main] com.ajio.keyword.Keyword 
  INFO  https://www.ajio.com is launched!!
2020-Jun-07 13:38:36,590 [main] com.ajio.keyword.Keyword 
  INFO  Deleted All Cookies!!
2020-Jun-07 13:38:36,598 [main] com.ajio.keyword.Keyword 
  INFO  20SECONDS Page load timeout  is applied!!
2020-Jun-07 13:38:36,610 [main] com.ajio.keyword.Keyword 
  INFO  20SECONDS Implicit Wait is applied!!
2020-Jun-07 13:38:50,893 [main] com.ajio.keyword.Keyword 
  INFO  chrome is opened!! 
2020-Jun-07 13:38:55,092 [main] com.ajio.keyword.Keyword 
  INFO  Maximized Browser Window!!
