2020-Jun-05 22:22:02,897 [main] com.ajio.keyword.Keyword 
  INFO  Clicked on shopSale
2020-Jun-05 22:22:02,903 [main] com.ajio.keyword.Keyword 
  INFO  10SECONDS Explicit wait is applied!!
2020-Jun-05 22:22:02,926 [main] com.ajio.keyword.Keyword 
  INFO  AJIO  :Returned Current Webpage Title!!
2020-Jun-05 22:22:07,313 [main] com.ajio.keyword.Keyword 
  INFO  Current browser window is Closed!!
2020-Jun-05 22:22:13,364 [main] com.ajio.keyword.Keyword 
  INFO  chrome is opened!! 
2020-Jun-05 22:22:17,514 [main] com.ajio.keyword.Keyword 
  INFO  Maximized Browser Window!!
2020-Jun-05 22:22:27,338 [main] com.ajio.keyword.Keyword 
  INFO  https://www.ajio.com is launched!!
2020-Jun-05 22:22:32,011 [main] com.ajio.keyword.Keyword 
  INFO  Deleted All Cookies!!
2020-Jun-05 22:22:32,022 [main] com.ajio.keyword.Keyword 
  INFO  20SECONDS Page load timeout  is applied!!
2020-Jun-05 22:22:32,031 [main] com.ajio.keyword.Keyword 
  INFO  20SECONDS Implicit Wait is applied!!
2020-Jun-05 22:22:32,034 [main] com.ajio.keyword.Keyword 
  INFO  Splitting locatorName: signIn/JoinAjio
2020-Jun-05 22:22:32,035 [main] com.ajio.keyword.Keyword 
  INFO  Locator Type: xpath
2020-Jun-05 22:22:32,036 [main] com.ajio.keyword.Keyword 
  INFO  Locator Value: //span[@class="login-form login-modal"]
2020-Jun-05 22:22:32,186 [main] com.ajio.keyword.Keyword 
  INFO  Clicked on signIn/JoinAjio
2020-Jun-05 22:22:32,188 [main] com.ajio.keyword.Keyword 
  INFO  10SECONDS Explicit wait is applied!!
2020-Jun-05 22:22:32,188 [main] com.ajio.keyword.Keyword 
  INFO  Splitting locatorName: signUpModalPopUp
2020-Jun-05 22:22:32,189 [main] com.ajio.keyword.Keyword 
  INFO  Locator Type: xpath
2020-Jun-05 22:22:32,189 [main] com.ajio.keyword.Keyword 
  INFO  Locator Value: //div[@class="modal-login-container"]
2020-Jun-05 22:22:36,709 [main] com.ajio.keyword.Keyword 
  INFO  Current browser window is Closed!!
2020-Jun-05 22:22:42,991 [main] com.ajio.keyword.Keyword 
  INFO  chrome is opened!! 
2020-Jun-05 22:22:47,132 [main] com.ajio.keyword.Keyword 
  INFO  Maximized Browser Window!!
2020-Jun-05 22:22:57,881 [main] com.ajio.keyword.Keyword 
  INFO  https://www.ajio.com is launched!!
