2020-Jun-09 01:58:14,917 [main] com.ajio.keyword.Keyword 
  INFO  chrome is opened!! 
2020-Jun-09 01:58:19,104 [main] com.ajio.keyword.Keyword 
  INFO  Maximized Browser Window!!
2020-Jun-09 01:58:28,918 [main] com.ajio.keyword.Keyword 
  INFO  https://www.ajio.com is launched!!
2020-Jun-09 01:58:33,679 [main] com.ajio.keyword.Keyword 
  INFO  Deleted All Cookies!!
2020-Jun-09 01:58:33,692 [main] com.ajio.keyword.Keyword 
  INFO  20SECONDS Page load timeout  is applied!!
2020-Jun-09 01:58:33,697 [main] com.ajio.keyword.Keyword 
  INFO  20SECONDS Implicit Wait is applied!!
2020-Jun-09 01:58:33,747 [main] com.ajio.PageTests.FooterPageTest 
  INFO  AJIO Header  is visible
2020-Jun-09 01:58:43,736 [main] com.ajio.keyword.Keyword 
  INFO  chrome is opened!! 
2020-Jun-09 01:58:47,870 [main] com.ajio.keyword.Keyword 
  INFO  Maximized Browser Window!!
2020-Jun-09 01:58:55,293 [main] com.ajio.keyword.Keyword 
  INFO  https://www.ajio.com is launched!!
2020-Jun-09 01:58:59,083 [main] com.ajio.keyword.Keyword 
  INFO  Deleted All Cookies!!
2020-Jun-09 01:58:59,088 [main] com.ajio.keyword.Keyword 
  INFO  20SECONDS Page load timeout  is applied!!
2020-Jun-09 01:58:59,093 [main] com.ajio.keyword.Keyword 
  INFO  20SECONDS Implicit Wait is applied!!
2020-Jun-09 01:58:59,126 [main] com.ajio.PageTests.FooterPageTest 
  INFO  SEO dropdown List is visible
