2020-Jun-05 22:06:03,097 [main] com.ajio.keyword.Keyword 
  INFO  Maximized Browser Window!!
2020-Jun-05 22:06:09,476 [main] com.ajio.keyword.Keyword 
  INFO  https://www.ajio.com is launched!!
2020-Jun-05 22:06:14,298 [main] com.ajio.keyword.Keyword 
  INFO  Deleted All Cookies!!
2020-Jun-05 22:06:14,307 [main] com.ajio.keyword.Keyword 
  INFO  20SECONDS Page load timeout  is applied!!
2020-Jun-05 22:06:14,320 [main] com.ajio.keyword.Keyword 
  INFO  20SECONDS Implicit Wait is applied!!
2020-Jun-05 22:06:28,120 [main] com.ajio.keyword.Keyword 
  INFO  chrome is opened!! 
2020-Jun-05 22:06:32,256 [main] com.ajio.keyword.Keyword 
  INFO  Maximized Browser Window!!
2020-Jun-05 22:06:40,529 [main] com.ajio.keyword.Keyword 
  INFO  https://www.ajio.com is launched!!
2020-Jun-05 22:06:44,068 [main] com.ajio.keyword.Keyword 
  INFO  Deleted All Cookies!!
2020-Jun-05 22:06:44,073 [main] com.ajio.keyword.Keyword 
  INFO  20SECONDS Page load timeout  is applied!!
2020-Jun-05 22:06:44,078 [main] com.ajio.keyword.Keyword 
  INFO  20SECONDS Implicit Wait is applied!!
2020-Jun-05 22:06:44,115 [main] com.ajio.PageTests.HomepagePageTests 
  INFO  Shop kids  Link is visible
2020-Jun-05 22:06:50,902 [main] com.ajio.keyword.Keyword 
  INFO  chrome is opened!! 
2020-Jun-05 22:06:55,070 [main] com.ajio.keyword.Keyword 
  INFO  Maximized Browser Window!!
