2020-Jun-11 01:28:02,430 [main] com.ajio.keyword.Keyword 
  INFO  chrome is opened!! 
2020-Jun-11 01:28:06,688 [main] com.ajio.keyword.Keyword 
  INFO  Maximized Browser Window!!
2020-Jun-11 01:28:15,106 [main] com.ajio.keyword.Keyword 
  INFO  https://www.ajio.com is launched!!
2020-Jun-11 01:28:18,525 [main] com.ajio.keyword.Keyword 
  INFO  Deleted All Cookies!!
2020-Jun-11 01:28:18,541 [main] com.ajio.keyword.Keyword 
  INFO  20SECONDS Page load timeout  is applied!!
2020-Jun-11 01:28:18,553 [main] com.ajio.keyword.Keyword 
  INFO  20SECONDS Implicit Wait is applied!!
2020-Jun-11 01:28:25,324 [main] com.ajio.keyword.Keyword 
  INFO  chrome is opened!! 
2020-Jun-11 01:28:29,492 [main] com.ajio.keyword.Keyword 
  INFO  Maximized Browser Window!!
2020-Jun-11 01:28:37,819 [main] com.ajio.keyword.Keyword 
  INFO  https://www.ajio.com is launched!!
2020-Jun-11 01:28:41,937 [main] com.ajio.keyword.Keyword 
  INFO  Deleted All Cookies!!
2020-Jun-11 01:28:41,948 [main] com.ajio.keyword.Keyword 
  INFO  20SECONDS Page load timeout  is applied!!
2020-Jun-11 01:28:41,964 [main] com.ajio.keyword.Keyword 
  INFO  20SECONDS Implicit Wait is applied!!
2020-Jun-11 01:28:48,512 [main] com.ajio.keyword.Keyword 
  INFO  chrome is opened!! 
2020-Jun-11 01:28:52,692 [main] com.ajio.keyword.Keyword 
  INFO  Maximized Browser Window!!
2020-Jun-11 01:28:58,158 [main] com.ajio.keyword.Keyword 
  INFO  https://www.ajio.com is launched!!
