2020-Jun-05 22:25:00,401 [main] com.ajio.keyword.Keyword 
  INFO  chrome is opened!! 
2020-Jun-05 22:25:04,538 [main] com.ajio.keyword.Keyword 
  INFO  Maximized Browser Window!!
2020-Jun-05 22:25:14,181 [main] com.ajio.keyword.Keyword 
  INFO  https://www.ajio.com is launched!!
2020-Jun-05 22:25:16,238 [main] com.ajio.keyword.Keyword 
  INFO  Deleted All Cookies!!
2020-Jun-05 22:25:16,245 [main] com.ajio.keyword.Keyword 
  INFO  20SECONDS Page load timeout  is applied!!
2020-Jun-05 22:25:16,251 [main] com.ajio.keyword.Keyword 
  INFO  20SECONDS Implicit Wait is applied!!
2020-Jun-05 22:25:16,253 [main] com.ajio.keyword.Keyword 
  INFO  Splitting locatorName: signIn/JoinAjio
2020-Jun-05 22:25:16,254 [main] com.ajio.keyword.Keyword 
  INFO  Locator Type: xpath
2020-Jun-05 22:25:16,255 [main] com.ajio.keyword.Keyword 
  INFO  Locator Value: //span[@class="login-form login-modal"]
2020-Jun-05 22:25:16,381 [main] com.ajio.keyword.Keyword 
  INFO  Clicked on signIn/JoinAjio
2020-Jun-05 22:25:16,382 [main] com.ajio.keyword.Keyword 
  INFO  Splitting locatorName: email
2020-Jun-05 22:25:16,383 [main] com.ajio.keyword.Keyword 
  INFO  Locator Type: xpath
2020-Jun-05 22:25:16,384 [main] com.ajio.keyword.Keyword 
  INFO  Locator Value: //input[@name="username"]
2020-Jun-05 22:25:16,541 [main] com.ajio.keyword.Keyword 
  INFO  Splitting locatorName: continue
2020-Jun-05 22:25:16,542 [main] com.ajio.keyword.Keyword 
  INFO  Locator Type: xpath
2020-Jun-05 22:25:16,542 [main] com.ajio.keyword.Keyword 
  INFO  Locator Value: //input[@value="Continue"]
2020-Jun-05 22:25:16,641 [main] com.ajio.keyword.Keyword 
  INFO  Clicked on continue
2020-Jun-05 22:25:16,641 [main] com.ajio.keyword.Keyword 
  INFO  Splitting locatorName: emailErrorMsg
2020-Jun-05 22:25:16,642 [main] com.ajio.keyword.Keyword 
  INFO  Locator Type: xpath
2020-Jun-05 22:25:16,643 [main] com.ajio.keyword.Keyword 
  INFO  Locator Value: //div[@id="error-msg"]
2020-Jun-05 22:25:16,683 [main] com.ajio.keyword.Keyword 
  INFO  Please enter a valid Mobile Number/Email. returned Text !!
2020-Jun-05 22:25:20,834 [main] com.ajio.keyword.Keyword 
  INFO  Current browser window is Closed!!
2020-Jun-05 22:25:26,782 [main] com.ajio.keyword.Keyword 
  INFO  chrome is opened!! 
2020-Jun-05 22:25:30,956 [main] com.ajio.keyword.Keyword 
  INFO  Maximized Browser Window!!
2020-Jun-05 22:25:36,985 [main] com.ajio.keyword.Keyword 
  INFO  https://www.ajio.com is launched!!
2020-Jun-05 22:25:39,918 [main] com.ajio.keyword.Keyword 
  INFO  Deleted All Cookies!!
2020-Jun-05 22:25:39,923 [main] com.ajio.keyword.Keyword 
  INFO  20SECONDS Page load timeout  is applied!!
2020-Jun-05 22:25:39,927 [main] com.ajio.keyword.Keyword 
  INFO  20SECONDS Implicit Wait is applied!!
2020-Jun-05 22:25:39,928 [main] com.ajio.keyword.Keyword 
  INFO  Splitting locatorName: signIn/JoinAjio
2020-Jun-05 22:25:39,929 [main] com.ajio.keyword.Keyword 
  INFO  Locator Type: xpath
2020-Jun-05 22:25:39,930 [main] com.ajio.keyword.Keyword 
  INFO  Locator Value: //span[@class="login-form login-modal"]
2020-Jun-05 22:25:40,065 [main] com.ajio.keyword.Keyword 
  INFO  Clicked on signIn/JoinAjio
2020-Jun-05 22:25:40,065 [main] com.ajio.keyword.Keyword 
  INFO  Splitting locatorName: email
2020-Jun-05 22:25:40,066 [main] com.ajio.keyword.Keyword 
  INFO  Locator Type: xpath
2020-Jun-05 22:25:40,067 [main] com.ajio.keyword.Keyword 
  INFO  Locator Value: //input[@name="username"]
2020-Jun-05 22:25:40,389 [main] com.ajio.keyword.Keyword 
  INFO  Splitting locatorName: continue
2020-Jun-05 22:25:40,390 [main] com.ajio.keyword.Keyword 
  INFO  Locator Type: xpath
2020-Jun-05 22:25:40,390 [main] com.ajio.keyword.Keyword 
  INFO  Locator Value: //input[@value="Continue"]
2020-Jun-05 22:25:40,490 [main] com.ajio.keyword.Keyword 
  INFO  Clicked on continue
2020-Jun-05 22:25:40,490 [main] com.ajio.keyword.Keyword 
  INFO  Splitting locatorName: loginpassword
2020-Jun-05 22:25:40,491 [main] com.ajio.keyword.Keyword 
  INFO  Locator Type: xpath
2020-Jun-05 22:25:40,492 [main] com.ajio.keyword.Keyword 
  INFO  Locator Value: //input[@name="password"]
2020-Jun-05 22:25:41,757 [main] com.ajio.keyword.Keyword 
  INFO  Splitting locatorName: startShopping
2020-Jun-05 22:25:41,757 [main] com.ajio.keyword.Keyword 
  INFO  Locator Type: xpath
2020-Jun-05 22:25:41,758 [main] com.ajio.keyword.Keyword 
  INFO  Locator Value: //input[@value="START SHOPPING"]
2020-Jun-05 22:25:41,842 [main] com.ajio.keyword.Keyword 
  INFO  Clicked on startShopping
2020-Jun-05 22:25:41,862 [main] com.ajio.keyword.Keyword 
  INFO  10SECONDS Explicit wait is applied!!
2020-Jun-05 22:25:41,863 [main] com.ajio.keyword.Keyword 
  INFO  Splitting locatorName: passErrorMsg2
2020-Jun-05 22:25:41,863 [main] com.ajio.keyword.Keyword 
  INFO  Locator Type: xpath
2020-Jun-05 22:25:41,863 [main] com.ajio.keyword.Keyword 
  INFO  Locator Value: //div[text()='Wrong Password Entered']
2020-Jun-05 22:25:42,290 [main] com.ajio.keyword.Keyword 
  INFO  Wrong Password Entered returned Text !!
2020-Jun-05 22:25:42,528 [main] com.ajio.keyword.Keyword 
  INFO  Current browser window is Closed!!
2020-Jun-05 22:25:49,271 [main] com.ajio.keyword.Keyword 
  INFO  chrome is opened!! 
2020-Jun-05 22:25:53,402 [main] com.ajio.keyword.Keyword 
  INFO  Maximized Browser Window!!
