2020-Jun-05 22:23:02,630 [main] com.ajio.keyword.Keyword 
  INFO  Deleted All Cookies!!
2020-Jun-05 22:23:02,652 [main] com.ajio.keyword.Keyword 
  INFO  20SECONDS Page load timeout  is applied!!
2020-Jun-05 22:23:02,658 [main] com.ajio.keyword.Keyword 
  INFO  20SECONDS Implicit Wait is applied!!
2020-Jun-05 22:23:02,661 [main] com.ajio.keyword.Keyword 
  INFO  Splitting locatorName: customerCare
2020-Jun-05 22:23:02,662 [main] com.ajio.keyword.Keyword 
  INFO  Locator Type: xpath
2020-Jun-05 22:23:02,663 [main] com.ajio.keyword.Keyword 
  INFO  Locator Value: //a[text()='Customer Care']
2020-Jun-05 22:23:05,047 [main] com.ajio.keyword.Keyword 
  INFO  Clicked on customerCare
2020-Jun-05 22:23:05,048 [main] com.ajio.keyword.Keyword 
  INFO  10SECONDS Explicit wait is applied!!
2020-Jun-05 22:23:05,161 [main] com.ajio.keyword.Keyword 
  INFO  AJIO  :Returned Current Webpage Title!!
2020-Jun-05 22:23:09,546 [main] com.ajio.keyword.Keyword 
  INFO  Current browser window is Closed!!
