2020-Jun-05 21:49:01,446 [main] com.ajio.keyword.Keyword 
  INFO  Deleted All Cookies!!
2020-Jun-05 21:49:01,457 [main] com.ajio.keyword.Keyword 
  INFO  20SECONDS Page load timeout  is applied!!
2020-Jun-05 21:49:01,463 [main] com.ajio.keyword.Keyword 
  INFO  20SECONDS Implicit Wait is applied!!
2020-Jun-05 21:49:13,863 [main] com.ajio.keyword.Keyword 
  INFO  chrome is opened!! 
2020-Jun-05 21:49:17,994 [main] com.ajio.keyword.Keyword 
  INFO  Maximized Browser Window!!
2020-Jun-05 21:49:26,261 [main] com.ajio.keyword.Keyword 
  INFO  https://www.ajio.com/ is launched!!
2020-Jun-05 21:49:28,353 [main] com.ajio.keyword.Keyword 
  INFO  Deleted All Cookies!!
2020-Jun-05 21:49:28,360 [main] com.ajio.keyword.Keyword 
  INFO  20SECONDS Page load timeout  is applied!!
2020-Jun-05 21:49:28,368 [main] com.ajio.keyword.Keyword 
  INFO  20SECONDS Implicit Wait is applied!!
2020-Jun-05 21:49:37,235 [main] com.ajio.keyword.Keyword 
  INFO  chrome is opened!! 
2020-Jun-05 21:49:41,370 [main] com.ajio.keyword.Keyword 
  INFO  Maximized Browser Window!!
2020-Jun-05 21:49:48,385 [main] com.ajio.keyword.Keyword 
  INFO  https://www.ajio.com/ is launched!!
2020-Jun-05 21:49:51,854 [main] com.ajio.keyword.Keyword 
  INFO  Deleted All Cookies!!
2020-Jun-05 21:49:51,862 [main] com.ajio.keyword.Keyword 
  INFO  20SECONDS Page load timeout  is applied!!
2020-Jun-05 21:49:51,874 [main] com.ajio.keyword.Keyword 
  INFO  20SECONDS Implicit Wait is applied!!
