2020-Jun-05 21:42:10,839 [main] com.ajio.keyword.Keyword 
  INFO  chrome is opened!! 
2020-Jun-05 21:42:15,003 [main] com.ajio.keyword.Keyword 
  INFO  Maximized Browser Window!!
2020-Jun-05 21:42:24,567 [main] com.ajio.keyword.Keyword 
  INFO  https://www.ajio.com/ is launched!!
2020-Jun-05 21:42:28,191 [main] com.ajio.keyword.Keyword 
  INFO  Deleted All Cookies!!
2020-Jun-05 21:42:28,197 [main] com.ajio.keyword.Keyword 
  INFO  20SECONDS Page load timeout  is applied!!
2020-Jun-05 21:42:28,201 [main] com.ajio.keyword.Keyword 
  INFO  20SECONDS Implicit Wait is applied!!
2020-Jun-05 21:42:29,015 [main] com.ajio.keyword.Keyword 
  INFO  Screenshot taken Successfully!!
2020-Jun-05 21:42:35,390 [main] com.ajio.keyword.Keyword 
  INFO  chrome is opened!! 
2020-Jun-05 21:42:39,520 [main] com.ajio.keyword.Keyword 
  INFO  Maximized Browser Window!!
2020-Jun-05 21:42:47,666 [main] com.ajio.keyword.Keyword 
  INFO  https://www.ajio.com/ is launched!!
2020-Jun-05 21:42:50,219 [main] com.ajio.keyword.Keyword 
  INFO  Deleted All Cookies!!
2020-Jun-05 21:42:50,228 [main] com.ajio.keyword.Keyword 
  INFO  20SECONDS Page load timeout  is applied!!
2020-Jun-05 21:42:50,241 [main] com.ajio.keyword.Keyword 
  INFO  20SECONDS Implicit Wait is applied!!
2020-Jun-05 21:42:50,451 [main] com.ajio.keyword.Keyword 
  INFO  20SECONDS Explicit wait is applied!!
2020-Jun-05 21:42:50,956 [main] com.ajio.keyword.Keyword 
  INFO  Screenshot taken Successfully!!
