2020-Jun-11 01:29:01,009 [main] com.ajio.keyword.Keyword 
  INFO  Deleted All Cookies!!
2020-Jun-11 01:29:01,029 [main] com.ajio.keyword.Keyword 
  INFO  20SECONDS Page load timeout  is applied!!
2020-Jun-11 01:29:01,037 [main] com.ajio.keyword.Keyword 
  INFO  20SECONDS Implicit Wait is applied!!
2020-Jun-11 01:29:11,909 [main] com.ajio.keyword.Keyword 
  INFO  chrome is opened!! 
2020-Jun-11 01:29:16,081 [main] com.ajio.keyword.Keyword 
  INFO  Maximized Browser Window!!
2020-Jun-11 01:29:23,384 [main] com.ajio.keyword.Keyword 
  INFO  https://www.ajio.com is launched!!
2020-Jun-11 01:29:26,455 [main] com.ajio.keyword.Keyword 
  INFO  Deleted All Cookies!!
2020-Jun-11 01:29:26,463 [main] com.ajio.keyword.Keyword 
  INFO  20SECONDS Page load timeout  is applied!!
2020-Jun-11 01:29:26,467 [main] com.ajio.keyword.Keyword 
  INFO  20SECONDS Implicit Wait is applied!!
2020-Jun-11 01:29:32,852 [main] com.ajio.keyword.Keyword 
  INFO  chrome is opened!! 
2020-Jun-11 01:29:37,048 [main] com.ajio.keyword.Keyword 
  INFO  Maximized Browser Window!!
2020-Jun-11 01:29:45,006 [main] com.ajio.keyword.Keyword 
  INFO  https://www.ajio.com is launched!!
2020-Jun-11 01:29:47,418 [main] com.ajio.keyword.Keyword 
  INFO  Deleted All Cookies!!
2020-Jun-11 01:29:47,434 [main] com.ajio.keyword.Keyword 
  INFO  20SECONDS Page load timeout  is applied!!
2020-Jun-11 01:29:47,450 [main] com.ajio.keyword.Keyword 
  INFO  20SECONDS Implicit Wait is applied!!
2020-Jun-11 01:29:54,453 [main] com.ajio.keyword.Keyword 
  INFO  chrome is opened!! 
2020-Jun-11 01:29:58,637 [main] com.ajio.keyword.Keyword 
  INFO  Maximized Browser Window!!
