2020-Jun-05 23:08:05,904 [main] com.ajio.keyword.Keyword 
  INFO  chrome is opened!! 
2020-Jun-05 23:08:10,041 [main] com.ajio.keyword.Keyword 
  INFO  Maximized Browser Window!!
2020-Jun-05 23:08:17,706 [main] com.ajio.keyword.Keyword 
  INFO  https://www.ajio.com is launched!!
2020-Jun-05 23:08:19,947 [main] com.ajio.keyword.Keyword 
  INFO  Deleted All Cookies!!
2020-Jun-05 23:08:19,951 [main] com.ajio.keyword.Keyword 
  INFO  20SECONDS Page load timeout  is applied!!
2020-Jun-05 23:08:19,955 [main] com.ajio.keyword.Keyword 
  INFO  20SECONDS Implicit Wait is applied!!
2020-Jun-05 23:08:27,790 [main] com.ajio.keyword.Keyword 
  INFO  chrome is opened!! 
2020-Jun-05 23:08:31,921 [main] com.ajio.keyword.Keyword 
  INFO  Maximized Browser Window!!
2020-Jun-05 23:08:38,760 [main] com.ajio.keyword.Keyword 
  INFO  https://www.ajio.com is launched!!
2020-Jun-05 23:08:40,538 [main] com.ajio.keyword.Keyword 
  INFO  Deleted All Cookies!!
2020-Jun-05 23:08:40,547 [main] com.ajio.keyword.Keyword 
  INFO  20SECONDS Page load timeout  is applied!!
2020-Jun-05 23:08:40,556 [main] com.ajio.keyword.Keyword 
  INFO  20SECONDS Implicit Wait is applied!!
2020-Jun-05 23:08:52,409 [main] com.ajio.keyword.Keyword 
  INFO  chrome is opened!! 
2020-Jun-05 23:08:56,533 [main] com.ajio.keyword.Keyword 
  INFO  Maximized Browser Window!!
