2020-Jun-07 13:43:10,151 [main] com.ajio.keyword.Keyword 
  INFO  chrome is opened!! 
2020-Jun-07 13:43:14,323 [main] com.ajio.keyword.Keyword 
  INFO  Maximized Browser Window!!
2020-Jun-07 13:43:21,099 [main] com.ajio.keyword.Keyword 
  INFO  https://www.ajio.com is launched!!
2020-Jun-07 13:43:24,780 [main] com.ajio.keyword.Keyword 
  INFO  Deleted All Cookies!!
2020-Jun-07 13:43:24,792 [main] com.ajio.keyword.Keyword 
  INFO  20SECONDS Page load timeout  is applied!!
2020-Jun-07 13:43:24,796 [main] com.ajio.keyword.Keyword 
  INFO  20SECONDS Implicit Wait is applied!!
2020-Jun-07 13:43:25,017 [main] com.ajio.PageTests.SignOutPageTest 
  INFO  SignIn Modal Pop-up Opned!!
2020-Jun-07 13:43:27,967 [main] com.ajio.keyword.Keyword 
  INFO  10SECONDS Explicit wait is applied!!
2020-Jun-07 13:43:37,321 [main] com.ajio.keyword.Keyword 
  INFO  Page Refreshed!!
2020-Jun-07 13:43:42,361 [main] com.ajio.PageTests.SignOutPageTest 
  INFO  Redirected to My Account Page
