2020-Jun-07 13:32:00,550 [main] com.ajio.keyword.Keyword 
  INFO  Maximized Browser Window!!
2020-Jun-07 13:32:08,835 [main] com.ajio.keyword.Keyword 
  INFO  https://www.ajio.com is launched!!
2020-Jun-07 13:32:11,094 [main] com.ajio.keyword.Keyword 
  INFO  Deleted All Cookies!!
2020-Jun-07 13:32:11,106 [main] com.ajio.keyword.Keyword 
  INFO  20SECONDS Page load timeout  is applied!!
2020-Jun-07 13:32:11,114 [main] com.ajio.keyword.Keyword 
  INFO  20SECONDS Implicit Wait is applied!!
2020-Jun-07 13:32:24,760 [main] com.ajio.keyword.Keyword 
  INFO  chrome is opened!! 
2020-Jun-07 13:32:28,934 [main] com.ajio.keyword.Keyword 
  INFO  Maximized Browser Window!!
2020-Jun-07 13:32:37,195 [main] com.ajio.keyword.Keyword 
  INFO  https://www.ajio.com is launched!!
2020-Jun-07 13:32:39,606 [main] com.ajio.keyword.Keyword 
  INFO  Deleted All Cookies!!
2020-Jun-07 13:32:39,622 [main] com.ajio.keyword.Keyword 
  INFO  20SECONDS Page load timeout  is applied!!
2020-Jun-07 13:32:39,630 [main] com.ajio.keyword.Keyword 
  INFO  20SECONDS Implicit Wait is applied!!
2020-Jun-07 13:32:39,666 [main] com.ajio.keyword.Keyword 
  INFO  Online Shopping for Women, Men, Kids – Clothing, Footwear, Fashion | AJIO  :Returned Current Webpage Title!!
2020-Jun-07 13:32:45,628 [main] com.ajio.keyword.Keyword 
  INFO  chrome is opened!! 
2020-Jun-07 13:32:49,797 [main] com.ajio.keyword.Keyword 
  INFO  Maximized Browser Window!!
2020-Jun-07 13:32:56,074 [main] com.ajio.keyword.Keyword 
  INFO  https://www.ajio.com is launched!!
2020-Jun-07 13:32:58,981 [main] com.ajio.keyword.Keyword 
  INFO  Deleted All Cookies!!
2020-Jun-07 13:32:58,989 [main] com.ajio.keyword.Keyword 
  INFO  20SECONDS Page load timeout  is applied!!
2020-Jun-07 13:32:59,001 [main] com.ajio.keyword.Keyword 
  INFO  20SECONDS Implicit Wait is applied!!
