2020-Jun-05 22:20:08,437 [main] com.ajio.keyword.Keyword 
  INFO  chrome is opened!! 
2020-Jun-05 22:20:12,623 [main] com.ajio.keyword.Keyword 
  INFO  Maximized Browser Window!!
2020-Jun-05 22:20:18,379 [main] com.ajio.keyword.Keyword 
  INFO  https://www.ajio.com is launched!!
2020-Jun-05 22:20:21,225 [main] com.ajio.keyword.Keyword 
  INFO  Deleted All Cookies!!
2020-Jun-05 22:20:21,235 [main] com.ajio.keyword.Keyword 
  INFO  20SECONDS Page load timeout  is applied!!
2020-Jun-05 22:20:21,245 [main] com.ajio.keyword.Keyword 
  INFO  20SECONDS Implicit Wait is applied!!
2020-Jun-05 22:20:21,288 [main] com.ajio.keyword.Keyword 
  INFO  Online Shopping for Women, Men, Kids – Clothing, Footwear, Fashion | AJIO  :Returned Current Webpage Title!!
2020-Jun-05 22:20:21,909 [main] com.ajio.keyword.Keyword 
  INFO  Current browser window is Closed!!
2020-Jun-05 22:20:27,795 [main] com.ajio.keyword.Keyword 
  INFO  chrome is opened!! 
2020-Jun-05 22:20:31,945 [main] com.ajio.keyword.Keyword 
  INFO  Maximized Browser Window!!
2020-Jun-05 22:20:36,771 [main] com.ajio.keyword.Keyword 
  INFO  https://www.ajio.com is launched!!
2020-Jun-05 22:20:40,230 [main] com.ajio.keyword.Keyword 
  INFO  Deleted All Cookies!!
2020-Jun-05 22:20:40,246 [main] com.ajio.keyword.Keyword 
  INFO  20SECONDS Page load timeout  is applied!!
2020-Jun-05 22:20:40,259 [main] com.ajio.keyword.Keyword 
  INFO  20SECONDS Implicit Wait is applied!!
2020-Jun-05 22:20:40,265 [main] com.ajio.keyword.Keyword 
  INFO  Splitting locatorName: shopWomen
2020-Jun-05 22:20:40,267 [main] com.ajio.keyword.Keyword 
  INFO  Locator Type: xpath
2020-Jun-05 22:20:40,268 [main] com.ajio.keyword.Keyword 
  INFO  Locator Value: //a[@href="/shop/women"]
2020-Jun-05 22:20:42,746 [main] com.ajio.keyword.Keyword 
  INFO  Clicked on shopWomen
2020-Jun-05 22:20:42,771 [main] com.ajio.keyword.Keyword 
  INFO  10SECONDS Explicit wait is applied!!
2020-Jun-05 22:20:42,879 [main] com.ajio.keyword.Keyword 
  INFO  Online Shopping for Women – Clothing, Footwear, Fashion & Accessories | AJIO  :Returned Current Webpage Title!!
2020-Jun-05 22:20:46,968 [main] com.ajio.keyword.Keyword 
  INFO  Current browser window is Closed!!
2020-Jun-05 22:20:53,027 [main] com.ajio.keyword.Keyword 
  INFO  chrome is opened!! 
2020-Jun-05 22:20:57,157 [main] com.ajio.keyword.Keyword 
  INFO  Maximized Browser Window!!
