2020-Jun-05 22:39:01,771 [main] com.ajio.keyword.Keyword 
  INFO  chrome is opened!! 
2020-Jun-05 22:39:05,927 [main] com.ajio.keyword.Keyword 
  INFO  Maximized Browser Window!!
2020-Jun-05 22:39:10,913 [main] com.ajio.keyword.Keyword 
  INFO  https://www.ajio.com is launched!!
2020-Jun-05 22:39:14,513 [main] com.ajio.keyword.Keyword 
  INFO  Deleted All Cookies!!
2020-Jun-05 22:39:14,527 [main] com.ajio.keyword.Keyword 
  INFO  20SECONDS Page load timeout  is applied!!
2020-Jun-05 22:39:14,538 [main] com.ajio.keyword.Keyword 
  INFO  20SECONDS Implicit Wait is applied!!
2020-Jun-05 22:39:14,542 [main] com.ajio.keyword.Keyword 
  INFO  Splitting locatorName: customerCare
2020-Jun-05 22:39:14,543 [main] com.ajio.keyword.Keyword 
  INFO  Locator Type: xpath
2020-Jun-05 22:39:14,544 [main] com.ajio.keyword.Keyword 
  INFO  Locator Value: //a[text()='Customer Care']
2020-Jun-05 22:39:17,275 [main] com.ajio.keyword.Keyword 
  INFO  Clicked on customerCare
2020-Jun-05 22:39:17,304 [main] com.ajio.keyword.Keyword 
  INFO  10SECONDS Explicit wait is applied!!
2020-Jun-05 22:39:17,367 [main] com.ajio.keyword.Keyword 
  INFO  AJIO  :Returned Current Webpage Title!!
2020-Jun-05 22:39:17,530 [main] com.ajio.keyword.Keyword 
  INFO  Current browser window is Closed!!
2020-Jun-05 22:39:23,786 [main] com.ajio.keyword.Keyword 
  INFO  chrome is opened!! 
2020-Jun-05 22:39:27,939 [main] com.ajio.keyword.Keyword 
  INFO  Maximized Browser Window!!
2020-Jun-05 22:39:34,165 [main] com.ajio.keyword.Keyword 
  INFO  https://www.ajio.com is launched!!
2020-Jun-05 22:39:37,589 [main] com.ajio.keyword.Keyword 
  INFO  Deleted All Cookies!!
2020-Jun-05 22:39:37,599 [main] com.ajio.keyword.Keyword 
  INFO  20SECONDS Page load timeout  is applied!!
2020-Jun-05 22:39:37,608 [main] com.ajio.keyword.Keyword 
  INFO  20SECONDS Implicit Wait is applied!!
2020-Jun-05 22:39:37,611 [main] com.ajio.keyword.Keyword 
  INFO  Splitting locatorName: shopKids
2020-Jun-05 22:39:37,612 [main] com.ajio.keyword.Keyword 
  INFO  Locator Type: xpath
2020-Jun-05 22:39:37,613 [main] com.ajio.keyword.Keyword 
  INFO  Locator Value: //a[@href="/shop/kids"]
2020-Jun-05 22:39:42,473 [main] com.ajio.keyword.Keyword 
  INFO  Clicked on shopKids
2020-Jun-05 22:39:42,474 [main] com.ajio.keyword.Keyword 
  INFO  10SECONDS Explicit wait is applied!!
2020-Jun-05 22:39:42,497 [main] com.ajio.keyword.Keyword 
  INFO  Online Kids fashion shopping site in India - AJIO  :Returned Current Webpage Title!!
2020-Jun-05 22:39:43,158 [main] com.ajio.keyword.Keyword 
  INFO  Current browser window is Closed!!
2020-Jun-05 22:39:49,354 [main] com.ajio.keyword.Keyword 
  INFO  chrome is opened!! 
2020-Jun-05 22:39:53,556 [main] com.ajio.keyword.Keyword 
  INFO  Maximized Browser Window!!
2020-Jun-05 22:39:58,956 [main] com.ajio.keyword.Keyword 
  INFO  https://www.ajio.com is launched!!
