2020-Jun-07 13:40:00,086 [main] com.ajio.keyword.Keyword 
  INFO  Maximized Browser Window!!
2020-Jun-07 13:40:07,286 [main] com.ajio.keyword.Keyword 
  INFO  https://www.ajio.com is launched!!
2020-Jun-07 13:40:10,673 [main] com.ajio.keyword.Keyword 
  INFO  Deleted All Cookies!!
2020-Jun-07 13:40:10,685 [main] com.ajio.keyword.Keyword 
  INFO  20SECONDS Page load timeout  is applied!!
2020-Jun-07 13:40:10,692 [main] com.ajio.keyword.Keyword 
  INFO  20SECONDS Implicit Wait is applied!!
2020-Jun-07 13:40:19,312 [main] com.ajio.keyword.Keyword 
  INFO  chrome is opened!! 
2020-Jun-07 13:40:23,459 [main] com.ajio.keyword.Keyword 
  INFO  Maximized Browser Window!!
2020-Jun-07 13:40:31,870 [main] com.ajio.keyword.Keyword 
  INFO  https://www.ajio.com is launched!!
2020-Jun-07 13:40:34,885 [main] com.ajio.keyword.Keyword 
  INFO  Deleted All Cookies!!
2020-Jun-07 13:40:34,893 [main] com.ajio.keyword.Keyword 
  INFO  20SECONDS Page load timeout  is applied!!
2020-Jun-07 13:40:34,901 [main] com.ajio.keyword.Keyword 
  INFO  20SECONDS Implicit Wait is applied!!
2020-Jun-07 13:40:42,771 [main] com.ajio.keyword.Keyword 
  INFO  chrome is opened!! 
2020-Jun-07 13:40:46,928 [main] com.ajio.keyword.Keyword 
  INFO  Maximized Browser Window!!
2020-Jun-07 13:40:56,233 [main] com.ajio.keyword.Keyword 
  INFO  https://www.ajio.com is launched!!
2020-Jun-07 13:40:59,989 [main] com.ajio.keyword.Keyword 
  INFO  Deleted All Cookies!!
2020-Jun-07 13:40:59,997 [main] com.ajio.keyword.Keyword 
  INFO  20SECONDS Page load timeout  is applied!!
