2020-Jun-07 12:26:10,023 [main] com.ajio.keyword.Keyword 
  INFO  chrome is opened!! 
2020-Jun-07 12:26:14,204 [main] com.ajio.keyword.Keyword 
  INFO  Maximized Browser Window!!
2020-Jun-07 12:26:19,264 [main] com.ajio.keyword.Keyword 
  INFO  https://www.ajio.com is launched!!
2020-Jun-07 12:26:22,248 [main] com.ajio.keyword.Keyword 
  INFO  Deleted All Cookies!!
2020-Jun-07 12:26:22,258 [main] com.ajio.keyword.Keyword 
  INFO  20SECONDS Page load timeout  is applied!!
2020-Jun-07 12:26:22,266 [main] com.ajio.keyword.Keyword 
  INFO  20SECONDS Implicit Wait is applied!!
2020-Jun-07 12:26:22,478 [main] com.ajio.PageTests.SignOutPageTest 
  INFO  SignIn Modal Pop-up Opned!!
2020-Jun-07 12:26:24,330 [main] com.ajio.keyword.Keyword 
  INFO  Page Refreshed!!
2020-Jun-07 12:26:24,349 [main] com.ajio.keyword.Keyword 
  INFO  10SECONDS Explicit wait is applied!!
2020-Jun-07 12:26:47,014 [main] com.ajio.keyword.Keyword 
  INFO  Screenshot taken Successfully!!
