2020-Jun-05 21:25:02,492 [main] com.ajio.keyword.Keyword 
  INFO  Deleted All Cookies!!
2020-Jun-05 21:25:02,501 [main] com.ajio.keyword.Keyword 
  INFO  20SECONDS Page load timeout  is applied!!
2020-Jun-05 21:25:02,506 [main] com.ajio.keyword.Keyword 
  INFO  20SECONDS Implicit Wait is applied!!
2020-Jun-05 21:25:13,988 [main] com.ajio.keyword.Keyword 
  INFO  chrome is opened!! 
2020-Jun-05 21:25:18,157 [main] com.ajio.keyword.Keyword 
  INFO  Maximized Browser Window!!
2020-Jun-05 21:25:24,592 [main] com.ajio.keyword.Keyword 
  INFO  https://www.ajio.com/ is launched!!
2020-Jun-05 21:25:27,706 [main] com.ajio.keyword.Keyword 
  INFO  Deleted All Cookies!!
2020-Jun-05 21:25:27,711 [main] com.ajio.keyword.Keyword 
  INFO  20SECONDS Page load timeout  is applied!!
2020-Jun-05 21:25:27,715 [main] com.ajio.keyword.Keyword 
  INFO  20SECONDS Implicit Wait is applied!!
2020-Jun-05 21:25:27,767 [main] com.ajio.PageTests.HomepagePageTests 
  INFO  Shop sale Link is visible
2020-Jun-05 21:25:34,287 [main] com.ajio.keyword.Keyword 
  INFO  chrome is opened!! 
2020-Jun-05 21:25:38,476 [main] com.ajio.keyword.Keyword 
  INFO  Maximized Browser Window!!
2020-Jun-05 21:25:46,058 [main] com.ajio.keyword.Keyword 
  INFO  https://www.ajio.com/ is launched!!
2020-Jun-05 21:25:48,310 [main] com.ajio.keyword.Keyword 
  INFO  Deleted All Cookies!!
2020-Jun-05 21:25:48,317 [main] com.ajio.keyword.Keyword 
  INFO  20SECONDS Page load timeout  is applied!!
2020-Jun-05 21:25:48,323 [main] com.ajio.keyword.Keyword 
  INFO  20SECONDS Implicit Wait is applied!!
