2020-Jun-05 22:41:02,953 [main] com.ajio.keyword.Keyword 
  INFO  Current browser window is Closed!!
2020-Jun-05 22:41:09,065 [main] com.ajio.keyword.Keyword 
  INFO  chrome is opened!! 
2020-Jun-05 22:41:13,200 [main] com.ajio.keyword.Keyword 
  INFO  Maximized Browser Window!!
2020-Jun-05 22:41:19,319 [main] com.ajio.keyword.Keyword 
  INFO  https://www.ajio.com is launched!!
2020-Jun-05 22:41:23,098 [main] com.ajio.keyword.Keyword 
  INFO  Deleted All Cookies!!
2020-Jun-05 22:41:23,121 [main] com.ajio.keyword.Keyword 
  INFO  20SECONDS Page load timeout  is applied!!
2020-Jun-05 22:41:23,127 [main] com.ajio.keyword.Keyword 
  INFO  20SECONDS Implicit Wait is applied!!
2020-Jun-05 22:41:23,131 [main] com.ajio.keyword.Keyword 
  INFO  Splitting locatorName: signIn/JoinAjio
2020-Jun-05 22:41:23,133 [main] com.ajio.keyword.Keyword 
  INFO  Locator Type: xpath
2020-Jun-05 22:41:23,133 [main] com.ajio.keyword.Keyword 
  INFO  Locator Value: //span[@class="login-form login-modal"]
2020-Jun-05 22:41:23,273 [main] com.ajio.keyword.Keyword 
  INFO  Clicked on signIn/JoinAjio
2020-Jun-05 22:41:23,275 [main] com.ajio.keyword.Keyword 
  INFO  10SECONDS Explicit wait is applied!!
2020-Jun-05 22:41:23,275 [main] com.ajio.keyword.Keyword 
  INFO  Splitting locatorName: signUpModalPopUp
2020-Jun-05 22:41:23,276 [main] com.ajio.keyword.Keyword 
  INFO  Locator Type: xpath
2020-Jun-05 22:41:23,276 [main] com.ajio.keyword.Keyword 
  INFO  Locator Value: //div[@class="modal-login-container"]
2020-Jun-05 22:41:23,510 [main] com.ajio.keyword.Keyword 
  INFO  Current browser window is Closed!!
