2020-Jun-07 12:25:10,843 [main] com.ajio.keyword.Keyword 
  INFO  chrome is opened!! 
2020-Jun-07 12:25:15,053 [main] com.ajio.keyword.Keyword 
  INFO  Maximized Browser Window!!
2020-Jun-07 12:25:24,478 [main] com.ajio.keyword.Keyword 
  INFO  https://www.ajio.com is launched!!
2020-Jun-07 12:25:26,646 [main] com.ajio.keyword.Keyword 
  INFO  Deleted All Cookies!!
2020-Jun-07 12:25:26,653 [main] com.ajio.keyword.Keyword 
  INFO  20SECONDS Page load timeout  is applied!!
2020-Jun-07 12:25:26,658 [main] com.ajio.keyword.Keyword 
  INFO  20SECONDS Implicit Wait is applied!!
2020-Jun-07 12:25:26,912 [main] com.ajio.PageTests.SignOutPageTest 
  INFO  SignIn Modal Pop-up Opned!!
2020-Jun-07 12:25:30,421 [main] com.ajio.keyword.Keyword 
  INFO  Page Refreshed!!
2020-Jun-07 12:25:30,440 [main] com.ajio.keyword.Keyword 
  INFO  10SECONDS Explicit wait is applied!!
2020-Jun-07 12:25:51,622 [main] com.ajio.keyword.Keyword 
  INFO  Screenshot taken Successfully!!
