2020-Jun-05 22:40:02,550 [main] com.ajio.keyword.Keyword 
  INFO  Deleted All Cookies!!
2020-Jun-05 22:40:02,577 [main] com.ajio.keyword.Keyword 
  INFO  20SECONDS Page load timeout  is applied!!
2020-Jun-05 22:40:02,585 [main] com.ajio.keyword.Keyword 
  INFO  20SECONDS Implicit Wait is applied!!
2020-Jun-05 22:40:02,588 [main] com.ajio.keyword.Keyword 
  INFO  Splitting locatorName: shopMen
2020-Jun-05 22:40:02,589 [main] com.ajio.keyword.Keyword 
  INFO  Locator Type: xpath
2020-Jun-05 22:40:02,590 [main] com.ajio.keyword.Keyword 
  INFO  Locator Value: //a[@href="/shop/men"]
2020-Jun-05 22:40:05,877 [main] com.ajio.keyword.Keyword 
  INFO  Clicked on shopMen
2020-Jun-05 22:40:05,880 [main] com.ajio.keyword.Keyword 
  INFO  10SECONDS Explicit wait is applied!!
2020-Jun-05 22:40:05,940 [main] com.ajio.keyword.Keyword 
  INFO  Online Shopping for Men – Clothing, Footwear, Fashion & Accessories | AJIO  :Returned Current Webpage Title!!
2020-Jun-05 22:40:10,263 [main] com.ajio.keyword.Keyword 
  INFO  Current browser window is Closed!!
2020-Jun-05 22:40:16,364 [main] com.ajio.keyword.Keyword 
  INFO  chrome is opened!! 
2020-Jun-05 22:40:20,508 [main] com.ajio.keyword.Keyword 
  INFO  Maximized Browser Window!!
2020-Jun-05 22:40:28,000 [main] com.ajio.keyword.Keyword 
  INFO  https://www.ajio.com is launched!!
2020-Jun-05 22:40:30,794 [main] com.ajio.keyword.Keyword 
  INFO  Deleted All Cookies!!
2020-Jun-05 22:40:30,808 [main] com.ajio.keyword.Keyword 
  INFO  20SECONDS Page load timeout  is applied!!
2020-Jun-05 22:40:30,826 [main] com.ajio.keyword.Keyword 
  INFO  20SECONDS Implicit Wait is applied!!
2020-Jun-05 22:40:30,829 [main] com.ajio.keyword.Keyword 
  INFO  Splitting locatorName: shopSale
2020-Jun-05 22:40:30,830 [main] com.ajio.keyword.Keyword 
  INFO  Locator Type: xpath
2020-Jun-05 22:40:30,831 [main] com.ajio.keyword.Keyword 
  INFO  Locator Value: //a[@href="/shop/sale"]
2020-Jun-05 22:40:34,343 [main] com.ajio.keyword.Keyword 
  INFO  Clicked on shopSale
2020-Jun-05 22:40:34,344 [main] com.ajio.keyword.Keyword 
  INFO  10SECONDS Explicit wait is applied!!
2020-Jun-05 22:40:34,376 [main] com.ajio.keyword.Keyword 
  INFO  AJIO  :Returned Current Webpage Title!!
2020-Jun-05 22:40:34,700 [main] com.ajio.keyword.Keyword 
  INFO  Current browser window is Closed!!
2020-Jun-05 22:40:40,569 [main] com.ajio.keyword.Keyword 
  INFO  chrome is opened!! 
2020-Jun-05 22:40:45,035 [main] com.ajio.keyword.Keyword 
  INFO  Maximized Browser Window!!
2020-Jun-05 22:40:53,225 [main] com.ajio.keyword.Keyword 
  INFO  https://www.ajio.com is launched!!
2020-Jun-05 22:40:55,707 [main] com.ajio.keyword.Keyword 
  INFO  Deleted All Cookies!!
2020-Jun-05 22:40:55,719 [main] com.ajio.keyword.Keyword 
  INFO  20SECONDS Page load timeout  is applied!!
2020-Jun-05 22:40:55,725 [main] com.ajio.keyword.Keyword 
  INFO  20SECONDS Implicit Wait is applied!!
2020-Jun-05 22:40:55,727 [main] com.ajio.keyword.Keyword 
  INFO  Splitting locatorName: shopWomen
2020-Jun-05 22:40:55,728 [main] com.ajio.keyword.Keyword 
  INFO  Locator Type: xpath
2020-Jun-05 22:40:55,728 [main] com.ajio.keyword.Keyword 
  INFO  Locator Value: //a[@href="/shop/women"]
2020-Jun-05 22:40:58,716 [main] com.ajio.keyword.Keyword 
  INFO  Clicked on shopWomen
2020-Jun-05 22:40:58,717 [main] com.ajio.keyword.Keyword 
  INFO  10SECONDS Explicit wait is applied!!
2020-Jun-05 22:40:58,808 [main] com.ajio.keyword.Keyword 
  INFO  Online Shopping for Women – Clothing, Footwear, Fashion & Accessories | AJIO  :Returned Current Webpage Title!!
