2020-Jun-06 02:17:00,453 [main] com.ajio.keyword.Keyword 
  INFO  chrome is opened!! 
2020-Jun-06 02:17:04,596 [main] com.ajio.keyword.Keyword 
  INFO  Maximized Browser Window!!
2020-Jun-06 02:17:10,674 [main] com.ajio.keyword.Keyword 
  INFO  https://www.ajio.com is launched!!
2020-Jun-06 02:17:14,739 [main] com.ajio.keyword.Keyword 
  INFO  Deleted All Cookies!!
2020-Jun-06 02:17:14,750 [main] com.ajio.keyword.Keyword 
  INFO  20SECONDS Page load timeout  is applied!!
2020-Jun-06 02:17:14,759 [main] com.ajio.keyword.Keyword 
  INFO  20SECONDS Implicit Wait is applied!!
2020-Jun-06 02:17:14,868 [main] com.ajio.PageTests.FooterPageTest 
  INFO  AJIO Header  is visible
2020-Jun-06 02:17:25,213 [main] com.ajio.keyword.Keyword 
  INFO  chrome is opened!! 
2020-Jun-06 02:17:29,407 [main] com.ajio.keyword.Keyword 
  INFO  Maximized Browser Window!!
2020-Jun-06 02:17:34,168 [main] com.ajio.keyword.Keyword 
  INFO  https://www.ajio.com is launched!!
2020-Jun-06 02:17:38,423 [main] com.ajio.keyword.Keyword 
  INFO  Deleted All Cookies!!
2020-Jun-06 02:17:38,429 [main] com.ajio.keyword.Keyword 
  INFO  20SECONDS Page load timeout  is applied!!
2020-Jun-06 02:17:38,433 [main] com.ajio.keyword.Keyword 
  INFO  20SECONDS Implicit Wait is applied!!
2020-Jun-06 02:17:38,471 [main] com.ajio.PageTests.FooterPageTest 
  INFO  SEO dropdown List is visible
